[    0.000000] Initializing cgroup subsys cpuset
[    0.000000] Initializing cgroup subsys cpu
[    0.000000] Initializing cgroup subsys cpuacct
[    0.000000] Linux version 4.4.0-157-generic (buildd@lgw01-amd64-037) (gcc version 5.4.0 20160609 (Ubuntu 5.4.0-6ubuntu1~16.04.10) ) #185-Ubuntu SMP Tue Jul 23 09:17:01 UTC 2019 (Ubuntu 4.4.0-157.185-generic 4.4.181)
[    0.000000] Command line: BOOT_IMAGE=/boot/vmlinuz-4.4.0-157-generic root=LABEL=cloudimg-rootfs ro console=tty1 console=ttyS0
[    0.000000] KERNEL supported cpus:
[    0.000000]   Intel GenuineIntel
[    0.000000]   AMD AuthenticAMD
[    0.000000]   Centaur CentaurHauls
[    0.000000] x86/fpu: xstate_offset[2]:  576, xstate_sizes[2]:  256
[    0.000000] x86/fpu: Supporting XSAVE feature 0x01: 'x87 floating point registers'
[    0.000000] x86/fpu: Supporting XSAVE feature 0x02: 'SSE registers'
[    0.000000] x86/fpu: Supporting XSAVE feature 0x04: 'AVX registers'
[    0.000000] x86/fpu: Enabled xstate features 0x7, context size is 832 bytes, using 'standard' format.
[    0.000000] e820: BIOS-provided physical RAM map:
[    0.000000] BIOS-e820: [mem 0x0000000000000000-0x000000000009fbff] usable
[    0.000000] BIOS-e820: [mem 0x000000000009fc00-0x000000000009ffff] reserved
[    0.000000] BIOS-e820: [mem 0x00000000000f0000-0x00000000000fffff] reserved
[    0.000000] BIOS-e820: [mem 0x0000000000100000-0x00000000dffeffff] usable
[    0.000000] BIOS-e820: [mem 0x00000000dfff0000-0x00000000dfffffff] ACPI data
[    0.000000] BIOS-e820: [mem 0x00000000fec00000-0x00000000fec00fff] reserved
[    0.000000] BIOS-e820: [mem 0x00000000fee00000-0x00000000fee00fff] reserved
[    0.000000] BIOS-e820: [mem 0x00000000fffc0000-0x00000000ffffffff] reserved
[    0.000000] BIOS-e820: [mem 0x0000000100000000-0x000000011fffffff] usable
[    0.000000] NX (Execute Disable) protection: active
[    0.000000] SMBIOS 2.5 present.
[    0.000000] Hypervisor detected: KVM
[    0.000000] e820: last_pfn = 0x120000 max_arch_pfn = 0x400000000
[    0.000000] MTRR: Disabled
[    0.000000] x86/PAT: MTRRs disabled, skipping PAT initialization too.
[    0.000000] CPU MTRRs all blank - virtualized system.
[    0.000000] x86/PAT: Configuration [0-7]: WB  WT  UC- UC  WB  WT  UC- UC  
[    0.000000] e820: last_pfn = 0xdfff0 max_arch_pfn = 0x400000000
[    0.000000] found SMP MP-table at [mem 0x0009fff0-0x0009ffff] mapped at [ffff88000009fff0]
[    0.000000] Scanning 1 areas for low memory corruption
[    0.000000] RAMDISK: [mem 0x362fc000-0x37175fff]
[    0.000000] ACPI: Early table checksum verification disabled
[    0.000000] ACPI: RSDP 0x00000000000E0000 000024 (v02 VBOX  )
[    0.000000] ACPI: XSDT 0x00000000DFFF0030 00003C (v01 VBOX   VBOXXSDT 00000001 ASL  00000061)
[    0.000000] ACPI: FACP 0x00000000DFFF00F0 0000F4 (v04 VBOX   VBOXFACP 00000001 ASL  00000061)
[    0.000000] ACPI: DSDT 0x00000000DFFF0480 0022EA (v02 VBOX   VBOXBIOS 00000002 INTL 20100528)
[    0.000000] ACPI: FACS 0x00000000DFFF0200 000040
[    0.000000] ACPI: FACS 0x00000000DFFF0200 000040
[    0.000000] ACPI: APIC 0x00000000DFFF0240 00006C (v02 VBOX   VBOXAPIC 00000001 ASL  00000061)
[    0.000000] ACPI: SSDT 0x00000000DFFF02B0 0001CC (v01 VBOX   VBOXCPUT 00000002 INTL 20100528)
[    0.000000] No NUMA configuration found
[    0.000000] Faking a node at [mem 0x0000000000000000-0x000000011fffffff]
[    0.000000] NODE_DATA(0) allocated [mem 0x11fff7000-0x11fffbfff]
[    0.000000] kvm-clock: Using msrs 4b564d01 and 4b564d00
[    0.000000] kvm-clock: cpu 0, msr 1:1ffef001, primary cpu clock
[    0.000000] kvm-clock: using sched offset of 4043339215 cycles
[    0.000000] clocksource: kvm-clock: mask: 0xffffffffffffffff max_cycles: 0x1cd42e4dffb, max_idle_ns: 881590591483 ns
[    0.000000] Zone ranges:
[    0.000000]   DMA      [mem 0x0000000000001000-0x0000000000ffffff]
[    0.000000]   DMA32    [mem 0x0000000001000000-0x00000000ffffffff]
[    0.000000]   Normal   [mem 0x0000000100000000-0x000000011fffffff]
[    0.000000]   Device   empty
[    0.000000] Movable zone start for each node
[    0.000000] Early memory node ranges
[    0.000000]   node   0: [mem 0x0000000000001000-0x000000000009efff]
[    0.000000]   node   0: [mem 0x0000000000100000-0x00000000dffeffff]
[    0.000000]   node   0: [mem 0x0000000100000000-0x000000011fffffff]
[    0.000000] Initmem setup node 0 [mem 0x0000000000001000-0x000000011fffffff]
[    0.000000] ACPI: PM-Timer IO Port: 0x4008
[    0.000000] IOAPIC[0]: apic_id 4, version 32, address 0xfec00000, GSI 0-23
[    0.000000] ACPI: INT_SRC_OVR (bus 0 bus_irq 0 global_irq 2 dfl dfl)
[    0.000000] ACPI: INT_SRC_OVR (bus 0 bus_irq 9 global_irq 9 low level)
[    0.000000] Using ACPI (MADT) for SMP configuration information
[    0.000000] smpboot: Allowing 4 CPUs, 0 hotplug CPUs
[    0.000000] PM: Registered nosave memory: [mem 0x00000000-0x00000fff]
[    0.000000] PM: Registered nosave memory: [mem 0x0009f000-0x0009ffff]
[    0.000000] PM: Registered nosave memory: [mem 0x000a0000-0x000effff]
[    0.000000] PM: Registered nosave memory: [mem 0x000f0000-0x000fffff]
[    0.000000] PM: Registered nosave memory: [mem 0xdfff0000-0xdfffffff]
[    0.000000] PM: Registered nosave memory: [mem 0xe0000000-0xfebfffff]
[    0.000000] PM: Registered nosave memory: [mem 0xfec00000-0xfec00fff]
[    0.000000] PM: Registered nosave memory: [mem 0xfec01000-0xfedfffff]
[    0.000000] PM: Registered nosave memory: [mem 0xfee00000-0xfee00fff]
[    0.000000] PM: Registered nosave memory: [mem 0xfee01000-0xfffbffff]
[    0.000000] PM: Registered nosave memory: [mem 0xfffc0000-0xffffffff]
[    0.000000] e820: [mem 0xe0000000-0xfebfffff] available for PCI devices
[    0.000000] Booting paravirtualized kernel on KVM
[    0.000000] clocksource: refined-jiffies: mask: 0xffffffff max_cycles: 0xffffffff, max_idle_ns: 7645519600211568 ns
[    0.000000] setup_percpu: NR_CPUS:512 nr_cpumask_bits:512 nr_cpu_ids:4 nr_node_ids:1
[    0.000000] PERCPU: Embedded 34 pages/cpu @ffff88011fc00000 s99544 r8192 d31528 u524288
[    0.000000] Built 1 zonelists in Node order, mobility grouping on.  Total pages: 1032056
[    0.000000] Policy zone: Normal
[    0.000000] Kernel command line: BOOT_IMAGE=/boot/vmlinuz-4.4.0-157-generic root=LABEL=cloudimg-rootfs ro console=tty1 console=ttyS0
[    0.000000] PID hash table entries: 4096 (order: 3, 32768 bytes)
[    0.000000] Memory: 4027976K/4193848K available (8618K kernel code, 1335K rwdata, 4032K rodata, 1484K init, 1284K bss, 165872K reserved, 0K cma-reserved)
[    0.000000] SLUB: HWalign=64, Order=0-3, MinObjects=0, CPUs=4, Nodes=1
[    0.000000] Kernel/User page tables isolation: enabled
[    0.000000] Hierarchical RCU implementation.
[    0.000000] 	Build-time adjustment of leaf fanout to 64.
[    0.000000] 	RCU restricting CPUs from NR_CPUS=512 to nr_cpu_ids=4.
[    0.000000] RCU: Adjusting geometry for rcu_fanout_leaf=64, nr_cpu_ids=4
[    0.000000] NR_IRQS:33024 nr_irqs:456 16
[    0.000000] Console: colour VGA+ 80x25
[    0.000000] console [tty1] enabled
[    0.000000] console [ttyS0] enabled
[    0.000000] tsc: Detected 2599.998 MHz processor
[    0.288116] Calibrating delay loop (skipped) preset value.. 5199.99 BogoMIPS (lpj=10399992)
[    0.290233] pid_max: default: 32768 minimum: 301
[    0.291431] ACPI: Core revision 20150930
[    0.293291] ACPI: 2 ACPI AML tables successfully acquired and loaded
[    0.294877] Security Framework initialized
[    0.295941] Yama: becoming mindful.
[    0.296862] AppArmor: AppArmor initialized
[    0.299660] Dentry cache hash table entries: 524288 (order: 10, 4194304 bytes)
[    0.305300] Inode-cache hash table entries: 262144 (order: 9, 2097152 bytes)
[    0.307319] Mount-cache hash table entries: 8192 (order: 4, 65536 bytes)
[    0.309835] Mountpoint-cache hash table entries: 8192 (order: 4, 65536 bytes)
[    0.314693] Initializing cgroup subsys io
[    0.315846] Initializing cgroup subsys memory
[    0.316922] Initializing cgroup subsys devices
[    0.318025] Initializing cgroup subsys freezer
[    0.319145] Initializing cgroup subsys net_cls
[    0.320268] Initializing cgroup subsys perf_event
[    0.321529] Initializing cgroup subsys net_prio
[    0.322631] Initializing cgroup subsys hugetlb
[    0.323764] Initializing cgroup subsys pids
[    0.325743] mce: CPU supports 0 MCE banks
[    0.326943] Last level iTLB entries: 4KB 1024, 2MB 1024, 4MB 1024
[    0.328392] Last level dTLB entries: 4KB 1024, 2MB 1024, 4MB 1024, 1GB 4
[    0.329923] Spectre V2 : Mitigation: Full generic retpoline
[    0.331216] Spectre V2 : Spectre v2 / SpectreRSB mitigation: Filling RSB on context switch
[    0.333244] Speculative Store Bypass: Vulnerable
[    0.334434] MDS: Vulnerable: Clear CPU buffers attempted, no microcode
[    0.338761] Freeing SMP alternatives memory: 36K
[    0.345590] ftrace: allocating 32312 entries in 127 pages
[    0.402257] smpboot: APIC(0) Converting physical 0 to logical package 0
[    0.403852] smpboot: Max logical packages: 1
[    0.405171] x2apic enabled
[    0.406207] Switched APIC routing to physical x2apic.
[    0.408535] ..TIMER: vector=0x30 apic1=0 pin1=2 apic2=-1 pin2=-1
[    0.515821] smpboot: CPU0: Intel(R) Core(TM) i5-4278U CPU @ 2.60GHz (family: 0x6, model: 0x45, stepping: 0x1)
[    0.518374] Performance Events: unsupported p6 CPU model 69 no PMU driver, software events only.
[    0.531422] KVM setup paravirtual spinlock
[    0.533158] x86: Booting SMP configuration:
[    0.534203] .... node  #0, CPUs:      #1
[    0.535344] kvm-clock: cpu 1, msr 1:1ffef041, secondary cpu clock
[    0.537962] mce: CPU supports 0 MCE banks
[    0.541131]  #2
[    0.541787] kvm-clock: cpu 2, msr 1:1ffef081, secondary cpu clock
[    0.543914] mce: CPU supports 0 MCE banks
[    0.546722]  #3
[    0.547379] kvm-clock: cpu 3, msr 1:1ffef0c1, secondary cpu clock
[    0.549973] mce: CPU supports 0 MCE banks
[    0.552908] x86: Booted up 1 node, 4 CPUs
[    0.554246] smpboot: Total of 4 processors activated (20799.98 BogoMIPS)
[    0.556351] devtmpfs: initialized
[    0.560309] evm: security.selinux
[    0.561247] evm: security.SMACK64
[    0.562209] evm: security.SMACK64EXEC
[    0.563252] evm: security.SMACK64TRANSMUTE
[    0.564424] evm: security.SMACK64MMAP
[    0.565771] evm: security.ima
[    0.566593] evm: security.capability
[    0.568103] clocksource: jiffies: mask: 0xffffffff max_cycles: 0xffffffff, max_idle_ns: 7645041785100000 ns
[    0.570455] futex hash table entries: 1024 (order: 4, 65536 bytes)
[    0.572474] pinctrl core: initialized pinctrl subsystem
[    0.574098] RTC time:  8:57:54, date: 08/15/19
[    0.575674] NET: Registered protocol family 16
[    0.588661] cpuidle: using governor ladder
[    0.600844] cpuidle: using governor menu
[    0.602273] PCCT header not found.
[    0.604029] ACPI: bus type PCI registered
[    0.605426] acpiphp: ACPI Hot Plug PCI Controller Driver version: 0.5
[    0.607351] PCI: Using configuration type 1 for base access
[    0.621887] ACPI: Added _OSI(Module Device)
[    0.624465] ACPI: Added _OSI(Processor Device)
[    0.627231] ACPI: Added _OSI(3.0 _SCP Extensions)
[    0.629043] ACPI: Added _OSI(Processor Aggregator Device)
[    0.634227] ACPI: Executed 1 blocks of module-level executable AML code
[    0.639195] ACPI: Interpreter enabled
[    0.640551] ACPI: (supports S0 S5)
[    0.641890] ACPI: Using IOAPIC for interrupt routing
[    0.643794] PCI: Using host bridge windows from ACPI; if necessary, use "pci=nocrs" and report a bug
[    0.652486] ACPI: PCI Root Bridge [PCI0] (domain 0000 [bus 00-ff])
[    0.655257] acpi PNP0A03:00: _OSC: OS supports [ASPM ClockPM Segments MSI]
[    0.664023] acpi PNP0A03:00: _OSC: not requesting OS control; OS requires [ExtendedConfig ASPM ClockPM MSI]
[    0.674351] acpi PNP0A03:00: fail to add MMCONFIG information, can't access extended PCI configuration space under this bridge.
[    0.687221] PCI host bridge to bus 0000:00
[    0.690283] pci_bus 0000:00: root bus resource [io  0x0000-0x0cf7 window]
[    0.693903] pci_bus 0000:00: root bus resource [io  0x0d00-0xffff window]
[    0.720310] pci_bus 0000:00: root bus resource [mem 0x000a0000-0x000bffff window]
[    0.725309] pci_bus 0000:00: root bus resource [mem 0xe0000000-0xfdffffff window]
[    0.731420] pci_bus 0000:00: root bus resource [bus 00-ff]
[    0.738121] pci 0000:00:01.1: legacy IDE quirk: reg 0x10: [io  0x01f0-0x01f7]
[    0.740069] pci 0000:00:01.1: legacy IDE quirk: reg 0x14: [io  0x03f6]
[    0.741633] pci 0000:00:01.1: legacy IDE quirk: reg 0x18: [io  0x0170-0x0177]
[    0.745421] pci 0000:00:01.1: legacy IDE quirk: reg 0x1c: [io  0x0376]
[    0.806227] pci 0000:00:07.0: quirk: [io  0x4000-0x403f] claimed by PIIX4 ACPI
[    0.808200] pci 0000:00:07.0: quirk: [io  0x4100-0x410f] claimed by PIIX4 SMB
[    0.831439] ACPI: PCI Interrupt Link [LNKA] (IRQs 5 9 10 *11)
[    0.833992] ACPI: PCI Interrupt Link [LNKB] (IRQs 5 9 *10 11)
[    0.836064] ACPI: PCI Interrupt Link [LNKC] (IRQs 5 *9 10 11)
[    0.838011] ACPI: PCI Interrupt Link [LNKD] (IRQs 5 9 10 *11)
[    0.840041] ACPI: Enabled 2 GPEs in block 00 to 07
[    0.841852] vgaarb: setting as boot device: PCI:0000:00:02.0
[    0.843526] vgaarb: device added: PCI:0000:00:02.0,decodes=io+mem,owns=io+mem,locks=none
[    0.845570] vgaarb: loaded
[    0.847770] vgaarb: bridge control possible 0000:00:02.0
[    0.850128] SCSI subsystem initialized
[    0.851959] ACPI: bus type USB registered
[    0.854504] usbcore: registered new interface driver usbfs
[    0.857061] usbcore: registered new interface driver hub
[    0.858565] usbcore: registered new device driver usb
[    0.860473] PCI: Using ACPI for IRQ routing
[    0.862165] NetLabel: Initializing
[    0.863302] NetLabel:  domain hash size = 128
[    0.864614] NetLabel:  protocols = UNLABELED CIPSOv4
[    0.866358] NetLabel:  unlabeled traffic allowed by default
[    0.869792] amd_nb: Cannot enumerate AMD northbridges
[    0.873055] clocksource: Switched to clocksource kvm-clock
[    0.884024] AppArmor: AppArmor Filesystem Enabled
[    0.885333] pnp: PnP ACPI init
[    0.888305] pnp: PnP ACPI: found 3 devices
[    0.900788] clocksource: acpi_pm: mask: 0xffffff max_cycles: 0xffffff, max_idle_ns: 2085701024 ns
[    0.902981] NET: Registered protocol family 2
[    0.904256] TCP established hash table entries: 32768 (order: 6, 262144 bytes)
[    0.906132] TCP bind hash table entries: 32768 (order: 7, 524288 bytes)
[    0.909549] TCP: Hash tables configured (established 32768 bind 32768)
[    0.911153] UDP hash table entries: 2048 (order: 4, 65536 bytes)
[    0.912764] UDP-Lite hash table entries: 2048 (order: 4, 65536 bytes)
[    0.914415] NET: Registered protocol family 1
[    0.915507] pci 0000:00:00.0: Limiting direct PCI/PCI transfers
[    0.916909] pci 0000:00:01.0: Activating ISA DMA hang workarounds
[    0.918510] Unpacking initramfs...
[    1.148222] Freeing initrd memory: 14824K
[    1.149645] PCI-DMA: Using software bounce buffering for IO (SWIOTLB)
[    1.151120] software IO TLB: mapped [mem 0xdbff0000-0xdfff0000] (64MB)
[    1.152672] RAPL PMU detected, API unit is 2^-32 Joules, 4 fixed counters 10737418240 ms ovfl timer
[    1.154996] hw unit of domain pp0-core 2^-0 Joules
[    1.156195] hw unit of domain package 2^-0 Joules
[    1.157329] hw unit of domain dram 2^-0 Joules
[    1.158565] hw unit of domain pp1-gpu 2^-0 Joules
[    1.159773] clocksource: tsc: mask: 0xffffffffffffffff max_cycles: 0x257a3a7b45f, max_idle_ns: 440795312762 ns
[    1.162236] platform rtc_cmos: registered platform RTC device (no PNP device found)
[    1.164234] Scanning for low memory corruption every 60 seconds
[    1.166354] audit: initializing netlink subsys (disabled)
[    1.167644] audit: type=2000 audit(1565859480.690:1): initialized
[    1.169310] Initialise system trusted keyring
[    1.171004] HugeTLB registered 2 MB page size, pre-allocated 0 pages
[    1.173797] zbud: loaded
[    1.175273] VFS: Disk quotas dquot_6.6.0
[    1.176328] VFS: Dquot-cache hash table entries: 512 (order 0, 4096 bytes)
[    1.178218] squashfs: version 4.0 (2009/01/31) Phillip Lougher
[    1.179985] fuse init (API version 7.23)
[    1.181296] Key type big_key registered
[    1.182356] Allocating IMA MOK and blacklist keyrings.
[    1.187982] Key type asymmetric registered
[    1.189511] Asymmetric key parser 'x509' registered
[    1.190853] Block layer SCSI generic (bsg) driver version 0.4 loaded (major 249)
[    1.192985] io scheduler noop registered
[    1.194377] io scheduler deadline registered (default)
[    1.195734] io scheduler cfq registered
[    1.196806] pci_hotplug: PCI Hot Plug PCI Core version: 0.5
[    1.198262] pciehp: PCI Express Hot Plug Controller Driver version: 0.4
[    1.200151] ACPI: AC Adapter [AC] (on-line)
[    1.201259] input: Power Button as /devices/LNXSYSTM:00/LNXPWRBN:00/input/input0
[    1.203331] ACPI: Power Button [PWRF]
[    1.204362] input: Sleep Button as /devices/LNXSYSTM:00/LNXSLPBN:00/input/input1
[    1.206379] ACPI: Sleep Button [SLPF]
[    1.207762] GHES: HEST is not enabled!
[    1.208963] ACPI: Battery Slot [BAT0] (battery present)
[    1.213469] Serial: 8250/16550 driver, 32 ports, IRQ sharing enabled
[    1.235654] 00:02: ttyS0 at I/O 0x3f8 (irq = 4, base_baud = 115200) is a 16550A
[    1.241520] Linux agpgart interface v0.103
[    1.247272] loop: module loaded
[    1.249000] scsi host0: ata_piix
[    1.250316] scsi host1: ata_piix
[    1.251304] ata1: PATA max UDMA/33 cmd 0x1f0 ctl 0x3f6 bmdma 0xd000 irq 14
[    1.252953] ata2: PATA max UDMA/33 cmd 0x170 ctl 0x376 bmdma 0xd008 irq 15
[    1.255205] libphy: Fixed MDIO Bus: probed
[    1.256771] tun: Universal TUN/TAP device driver, 1.6
[    1.259317] tun: (C) 1999-2004 Max Krasnyansky <maxk@qualcomm.com>
[    1.261027] PPP generic driver version 2.4.2
[    1.262475] ehci_hcd: USB 2.0 'Enhanced' Host Controller (EHCI) Driver
[    1.264183] ehci-pci: EHCI PCI platform driver
[    1.265280] ehci-platform: EHCI generic platform driver
[    1.266809] ohci_hcd: USB 1.1 'Open' Host Controller (OHCI) Driver
[    1.268307] ohci-pci: OHCI PCI platform driver
[    1.269482] ohci-platform: OHCI generic platform driver
[    1.270727] uhci_hcd: USB Universal Host Controller Interface driver
[    1.272310] i8042: PNP: PS/2 Controller [PNP0303:PS2K,PNP0f03:PS2M] at 0x60,0x64 irq 1,12
[    1.275098] serio: i8042 KBD port at 0x60,0x64 irq 1
[    1.276303] serio: i8042 AUX port at 0x60,0x64 irq 12
[    1.278086] mousedev: PS/2 mouse device common for all mice
[    1.280652] input: AT Translated Set 2 keyboard as /devices/platform/i8042/serio0/input/input2
[    1.281752] rtc_cmos rtc_cmos: rtc core: registered rtc_cmos as rtc0
[    1.281813] rtc_cmos rtc_cmos: alarms up to one day, 114 bytes nvram
[    1.281821] i2c /dev entries driver
[    1.281876] device-mapper: uevent: version 1.0.3
[    1.282020] device-mapper: ioctl: 4.34.0-ioctl (2015-10-28) initialised: dm-devel@redhat.com
[    1.282038] ledtrig-cpu: registered to indicate activity on CPUs
[    1.282749] NET: Registered protocol family 10
[    1.283041] NET: Registered protocol family 17
[    1.283051] Key type dns_resolver registered
[    1.285563] registered taskstats version 1
[    1.285581] Loading compiled-in X.509 certificates
[    1.286226] Loaded X.509 cert 'Build time autogenerated kernel key: 3e01e6df98386236d59670e6b2ed19a044d5324e'
[    1.286249] zswap: loaded using pool lzo/zbud
[    1.288102] Key type trusted registered
[    1.291089] Key type encrypted registered
[    1.291097] AppArmor: AppArmor sha1 policy hashing enabled
[    1.291100] ima: No TPM chip found, activating TPM-bypass!
[    1.291109] ima: Allocated hash algorithm: sha1
[    1.291125] evm: HMAC attrs: 0x1
[    1.291605]   Magic number: 15:428:978
[    1.291643] memory memory25: hash matches
[    1.293844] rtc_cmos rtc_cmos: setting system clock to 2019-08-15 08:57:55 UTC (1565859475)
[    1.294004] BIOS EDD facility v0.16 2004-Jun-25, 0 devices found
[    1.294005] EDD information not available.
[    1.410589] Freeing unused kernel memory: 1484K
[    1.411958] Write protecting the kernel read-only data: 14336k
[    1.414417] Freeing unused kernel memory: 1612K
[    1.416033] Freeing unused kernel memory: 64K
Loading, please wait...
starting version 229
[    1.432196] random: systemd-udevd: uninitialized urandom read (16 bytes read, 2 bits of entropy available)
[    1.433377] random: udevadm: uninitialized urandom read (16 bytes read, 2 bits of entropy available)
[    1.433408] random: udevadm: uninitialized urandom read (16 bytes read, 2 bits of entropy available)
[    1.440445] random: systemd-udevd: uninitialized urandom read (16 bytes read, 2 bits of entropy available)
[    1.441910] random: udevadm: uninitialized urandom read (16 bytes read, 2 bits of entropy available)
[    1.441949] random: udevadm: uninitialized urandom read (16 bytes read, 2 bits of entropy available)
[    1.442151] random: udevadm: uninitialized urandom read (16 bytes read, 2 bits of entropy available)
[    1.442196] random: udevadm: uninitialized urandom read (16 bytes read, 2 bits of entropy available)
[    1.442238] random: udevadm: uninitialized urandom read (16 bytes read, 2 bits of entropy available)
[    1.442278] random: udevadm: uninitialized urandom read (16 bytes read, 2 bits of entropy available)
[    1.484891] Fusion MPT base driver 3.04.20
[    1.489999] Copyright (c) 1999-2008 LSI Corporation
[    1.510782] e1000: Intel(R) PRO/1000 Network Driver - version 7.3.21-k8-NAPI
[    1.513983] e1000: Copyright (c) 1999-2006 Intel Corporation.
[    1.524943] AVX2 version of gcm_enc/dec engaged.
[    1.526887] AES CTR mode by8 optimization enabled
[    1.532495] Fusion MPT SPI Host driver 3.04.20
[    1.714631] input: ImExPS/2 Generic Explorer Mouse as /devices/platform/i8042/serio1/input/input4
[    1.963344] e1000 0000:00:03.0 eth0: (PCI:33MHz:32-bit) 02:f8:81:3a:50:13
[    1.965100] e1000 0000:00:03.0 eth0: Intel(R) PRO/1000 Network Connection
[    1.967849] mptbase: ioc0: Initiating bringup
[    1.968088] e1000 0000:00:03.0 enp0s3: renamed from eth0
[    2.040095] ioc0: LSI53C1030 A0: Capabilities={Initiator}
[    2.895329] scsi host2: ioc0: LSI53C1030 A0, FwRev=00000000h, Ports=1, MaxQ=256, IRQ=20
[    3.040320] scsi 2:0:0:0: Direct-Access     VBOX     HARDDISK         1.0  PQ: 0 ANSI: 5
[    3.043482] scsi target2:0:0: Beginning Domain Validation
[    3.047065] scsi target2:0:0: Domain Validation skipping write tests
[    3.048668] scsi target2:0:0: Ending Domain Validation
[    3.050472] scsi target2:0:0: asynchronous
[    3.052379] scsi 2:0:1:0: Direct-Access     VBOX     HARDDISK         1.0  PQ: 0 ANSI: 5
[    3.054642] scsi target2:0:1: Beginning Domain Validation
[    3.057710] scsi target2:0:1: Domain Validation skipping write tests
[    3.059357] scsi target2:0:1: Ending Domain Validation
[    3.060673] scsi target2:0:1: asynchronous
[    3.071660] sd 2:0:0:0: Attached scsi generic sg0 type 0
[    3.073067] sd 2:0:0:0: [sda] 20971520 512-byte logical blocks: (10.7 GB/10.0 GiB)
[    3.073848] sd 2:0:1:0: [sdb] 20480 512-byte logical blocks: (10.5 MB/10.0 MiB)
[    3.074340] sd 2:0:1:0: [sdb] Write Protect is off
[    3.075256] sd 2:0:1:0: [sdb] Incomplete mode parameter data
[    3.075258] sd 2:0:1:0: [sdb] Assuming drive cache: write through
[    3.081192] sd 2:0:1:0: Attached scsi generic sg1 type 0
[    3.084529] sd 2:0:0:0: [sda] Write Protect is off
[    3.085921] sd 2:0:1:0: [sdb] Attached SCSI disk
[    3.087689] sd 2:0:0:0: [sda] Incomplete mode parameter data
[    3.089082] sd 2:0:0:0: [sda] Assuming drive cache: write through
[    3.092961]  sda: sda1
[    3.095140] sd 2:0:0:0: [sda] Attached SCSI disk
Begin: Loading essential drivers ... [    4.455018] md: linear personality registered for level -1
[    4.459258] md: multipath personality registered for level -4
[    4.463932] md: raid0 personality registered for level 0
[    4.470618] md: raid1 personality registered for level 1
[    4.541381] raid6: sse2x1   gen()  9315 MB/s
[    4.609302] raid6: sse2x1   xor()  7250 MB/s
[    4.677630] raid6: sse2x2   gen() 11977 MB/s
[    4.745225] raid6: sse2x2   xor()  7861 MB/s
[    4.813660] raid6: sse2x4   gen() 12614 MB/s
[    4.881230] raid6: sse2x4   xor()  9600 MB/s
[    4.949418] raid6: avx2x1   gen() 18175 MB/s
[    5.017353] raid6: avx2x2   gen() 21048 MB/s
[    5.085671] raid6: avx2x4   gen() 24499 MB/s
[    5.086771] raid6: using algorithm avx2x4 gen() 24499 MB/s
[    5.088035] raid6: using avx2x2 recovery algorithm
[    5.090706] xor: automatically using best checksumming function:
[    5.129209]    avx       : 25477.000 MB/sec
[    5.132114] async_tx: api initialized (async)
[    5.152236] md: raid6 personality registered for level 6
[    5.153857] md: raid5 personality registered for level 5
[    5.155239] md: raid4 personality registered for level 4
[    5.164809] md: raid10 personality registered for level 10
done.
Begin: Running /scripts/init-premount ... done.
Begin: Mounting root file system ... Begin: Running /scripts/local-top ... done.
Begin: Running /scripts/local-premount ... [    5.204774] Btrfs loaded
Scanning for Btrfs filesystems
done.
Warning: fsck not present, so skipping root file system
[    5.266885] EXT4-fs (sda1): INFO: recovery required on readonly filesystem
[    5.270426] EXT4-fs (sda1): write access will be enabled during recovery
[    5.675571] EXT4-fs (sda1): orphan cleanup on readonly fs
[    5.676918] EXT4-fs (sda1): 1 orphan inode deleted
[    5.678153] EXT4-fs (sda1): recovery complete
[    5.680167] EXT4-fs (sda1): mounted filesystem with ordered data mode. Opts: (null)
done.
Begin: Running /scripts/local-bottom ... done.
Begin: Running /scripts/init-bottom ... done.
[    5.835555] systemd[1]: systemd 229 running in system mode. (+PAM +AUDIT +SELINUX +IMA +APPARMOR +SMACK +SYSVINIT +UTMP +LIBCRYPTSETUP +GCRYPT +GNUTLS +ACL +XZ -LZ4 +SECCOMP +BLKID +ELFUTILS +KMOD -IDN)
[    5.841019] systemd[1]: Detected virtualization oracle.
[    5.842801] systemd[1]: Detected architecture x86-64.

Welcome to [1mUbuntu 16.04.6 LTS[0m!

[    5.851966] systemd[1]: Set hostname to <ubuntu-xenial>.
[    6.359535] systemd[1]: Listening on Journal Socket.
[[0;32m  OK  [0m] Listening on Journal Socket.
[    6.362735] systemd[1]: Reached target Encrypted Volumes.
[[0;32m  OK  [0m] Reached target Encrypted Volumes.
[    6.366134] systemd[1]: Created slice System Slice.
[[0;32m  OK  [0m] Created slice System Slice.
[    6.669766] systemd[1]: Mounting Huge Pages File System...
         Mounting Huge Pages File System...
[    6.673536] systemd[1]: Created slice system-postgresql.slice.
[[0;32m  OK  [0m] Created slice system-postgresql.slice.
[    6.677121] systemd[1]: Starting Set console keymap...
         Starting Set console keymap...
[    6.687563] systemd[1]: Created slice User and Session Slice.
[[0;32m  OK  [0m] Created slice User and Session Slice.
[    6.690812] systemd[1]: Listening on LVM2 metadata daemon socket.
[[0;32m  OK  [0m] Listening on LVM2 metadata daemon socket.
[    6.694831] systemd[1]: Listening on /dev/initctl Compatibility Named Pipe.
[[0;32m  OK  [0m] Listening on /dev/initctl Compatibility Named Pipe.
[    6.711492] systemd[1]: Listening on Journal Audit Socket.
[[0;32m  OK  [0m] Listening on Journal Audit Socket.
[    6.715385] systemd[1]: Listening on LVM2 poll daemon socket.
[[0;32m  OK  [0m] Listening on LVM2 poll daemon socket.
[    6.718823] systemd[1]: Started Forward Password Requests to Wall Directory Watch.
[[0;32m  OK  [0m] Started Forward Password Requests to Wall Directory Watch.
[    6.741578] systemd[1]: Starting Remount Root and Kernel File Systems...
         Starting Remount Root and Kernel File Systems...
[    6.746630] systemd[1]: Listening on Syslog Socket.
[    6.747603] EXT4-fs (sda1): re-mounted. Opts: (null)
[[0;32m  OK  [0m] Listening on Syslog Socket.
[    6.750515] systemd[1]: Reached target Slices.
[[0;32m  OK  [0m] Reached target Slices.
[    6.752711] systemd[1]: Started Trigger resolvconf update for networkd DNS.
[[0;32m  OK  [0m] Started Trigger resolvconf update for networkd DNS.
[    6.764450] systemd[1]: Starting Load Kernel Modules...
         Starting Load Kernel Modules...
[    6.773868] Loading iSCSI transport class v2.0-870.
[    6.774589] systemd[1]: Starting Create list of required static device nodes for the current kernel...
         Starting Create list of required st... nodes for the current kernel...
[    6.787786] iscsi: registered transport (tcp)
[    6.790231] systemd[1]: Starting Uncomplicated firewall...
         Starting Uncomplicated firewall...
[    6.794875] systemd[1]: Mounting POSIX Message Queue File System...
         Mounting POSIX Message Queue File System...
[    6.799184] systemd[1]: Listening on udev Kernel Socket.
[[0;32m  OK  [0m] Listening on udev Kernel Socket.
[    6.804927] systemd[1]: Mounting Debug File System...
         Mounting Debug File System...
[    6.809639] systemd[1]: Starting Nameserver information manager...
         Starting Nameserver information manager...
[    6.813688] systemd[1]: Listening on Journal Socket (/dev/log).
[[0;32m  OK  [0m] Listening on Journal Socket (/dev/log).
[    6.818346] systemd[1]: Starting Journal Service...
         Starting Journal Service...
[    6.822968] systemd[1]: Listening on udev Control Socket.
[[0;32m  OK  [0m] Listening on udev Control Socket.
[    6.827342] systemd[1]: Reached target User and Group Name Lookups.
[[0;32m  OK  [0m] Reached target User and Group Name Lookups.
[    6.831942] systemd[1]: Set up automount Arbitrary Executable File Formats File System Automount Point.
[[0;32m  OK  [0m] Set up automount Arbitrary Executab...ats File System Automount Point.
[    6.847099] systemd[1]: Created slice system-serial\x2dgetty.slice.
[[0;32m  OK  [0m] Created slice system-serial\x2dgetty.slice.
[    6.851186] systemd[1]: Listening on Device-mapper event daemon FIFOs.
[[0;32m  OK  [0m] Listening on Device-mapper event daemon FIFOs.
[    6.863499] iscsi: registered transport (iser)
[    6.885532] systemd[1]: Starting Monitoring of LVM2 mirrors, snapshots etc. using dmeventd or progress polling...
         Starting Monitoring of LVM2 mirrors... dmeventd or progress polling...
[    6.895755] systemd[1]: Reached target Swap.
[[0;32m  OK  [0m] Reached target Swap.
[    6.900623] systemd[1]: Reached target System Time Synchronized.
[[0;32m  OK  [0m] Reached target System Time Synchronized.
[    6.905946] systemd[1]: Mounted Huge Pages File System.
[[0;32m  OK  [0m] Mounted Huge Pages File System.
[    6.913719] systemd[1]: Mounted Debug File System.
[[0;32m  OK  [0m] Mounted Debug File System.
[    6.915987] systemd[1]: Mounted POSIX Message Queue File System.
[[0;32m  OK  [0m] Mounted POSIX Message Queue File System.
[    6.926077] systemd[1]: Started Journal Service.
[[0;32m  OK  [0m] Started Journal Service.
[[0;32m  OK  [0m] Started Set console keymap.
[[0;32m  OK  [0m] Started Remount Root and Kernel File Systems.
[[0;32m  OK  [0m] Started Load[    6.933417] random: nonblocking pool is initialized
 Kernel Modules.
[[0;32m  OK  [0m] Started Create list of required sta...ce nodes for the current kernel.
[[0;32m  OK  [0m] Started Uncomplicated firewall.
[[0;32m  OK  [0m] Started Nameserver information manager.
[[0;32m  OK  [0m] Started LVM2 metadata daemon.
         Starting Create Static Device Nodes in /dev...
         Mounting FUSE Control File System...
         Starting Apply Kernel Variables...
         Starting udev Coldplug all Devices...
         Starting Load/Save Random Seed...
         Starting Flush Journal to Persistent Storage...
[[0;32m  OK  [0m] Mounted FUSE Control File System.
[[0;32m  OK  [0m] Started Create Static Device Nodes in /dev.
[[0;32m  OK  [0m] Started Apply Kernel Variables.
[[0;32m  OK  [0m] Started Load/Save Random Seed.
         Starting udev Kernel Device Manager...
[[0;32m  OK  [0m] Started Flush Journal to Persistent Storage.
[[0;32m  OK  [0m] Started udev Coldplug all Devices.
[[0;32m  OK  [0m] Started udev Kernel Device Manager.
[[0;32m  OK  [0m] Started Dispatch Password Requests to Console Directory Watch.
[[0;32m  OK  [0m] Found device /dev/ttyS0.
[[0;32m  OK  [0m] Started Monitoring of LVM2 mirrors,...ng dmeventd or progress polling.
[[0;32m  OK  [0m] Reached target Local File Systems (Pre).
[[0;32m  OK  [0m] Reached target Local File Systems.
         Starting Initial cloud-init job (pre-networking)...
         Starting Set console font and keymap...
         Starting Tell Plymouth To Write Out Runtime Data...
         Starting LSB: AppArmor initialization...
         Starting Create Volatile Files and Directories...
[[0;32m  OK  [0m] Started Tell Plymouth To Write Out Runtime Data.
[[0;32m  OK  [0m] Listening on Load/Save RF Kill Switch Status /dev/rfkill Watch.
[[0;32m  OK  [0m] Started Create Volatile Files and Directories.
[[0;32m  OK  [0m] Started LSB: AppArmor initialization.
         Starting Update UTMP about System Boot/Shutdown...
[[0;32m  OK  [0m] Started Update UTMP about System Boot/Shutdown.
[[0;32m  OK  [0m] Started Set console font and keymap.
[[0;32m  OK  [0m] Created slice system-getty.slice.
[    8.238505] cloud-init[532]: Cloud-init v. 19.1-1-gbaa47854-0ubuntu1~16.04.1 running 'init-local' at Thu, 15 Aug 2019 08:58:02 +0000. Up 7.96 seconds.
[[0;32m  OK  [0m] Started Initial cloud-init job (pre-networking).
[[0;32m  OK  [0m] Reached target Network (Pre).
         Starting Raise network interfaces...
[[0;32m  OK  [0m] Started ifup for enp0s3.
[[0;32m  OK  [0m] Started Raise network interfaces.
         Starting Initial cloud-init job (metadata service crawler)...
[[0;32m  OK  [0m] Reached target Network.
[    9.086862] cloud-init[1004]: Cloud-init v. 19.1-1-gbaa47854-0ubuntu1~16.04.1 running 'init' at Thu, 15 Aug 2019 08:58:03 +0000. Up 8.82 seconds.
[    9.090524] cloud-init[1004]: ci-info: ++++++++++++++++++++++++++++++++++++++Net device info++++++++++++++++++++++++++++++++++++++
[    9.093900] cloud-init[1004]: ci-info: +--------+------+----------------------------+---------------+--------+-------------------+
[    9.097283] cloud-init[1004]: ci-info: | Device |  Up  |          Address           |      Mask     | Scope  |     Hw-Address    |
[    9.100447] cloud-init[1004]: ci-info: +--------+------+----------------------------+---------------+--------+-------------------+
[    9.103633] cloud-init[1004]: ci-info: | enp0s3 | True |         10.0.2.15          | 255.255.255.0 | global | 02:f8:81:3a:50:13 |
[    9.107128] cloud-init[1004]: ci-info: | enp0s3 | True | fe80::f8:81ff:fe3a:5013/64 |       .       |  link  | 02:f8:81:3a:50:13 |
[    9.110570] cloud-init[1004]: ci-info: |   lo   | True |         127.0.0.1          |   255.0.0.0   |  host  |         .         |
[    9.113844] cloud-init[1004]: ci-info: |   lo   | True |          ::1/128           |       .       |  host  |         .         |
[    9.117358] cloud-init[1004]: ci-info: +--------+------+----------------------------+---------------+--------+-------------------+
[    9.121182] cloud-init[1004]: ci-info: +++++++++++++++++++++++++++Route IPv4 info++++++++++++++++++++++++++++
[    9.123740] cloud-init[1004]: ci-info: +-------+-------------+----------+---------------+-----------+-------+
[    9.132918] cloud-init[1004]: ci-info: | Route | Destination | Gateway  |    Genmask    | Interface | Flags |
[    9.135805] cloud-init[1004]: ci-info: +-------+-------------+----------+---------------+-----------+-------+
[    9.138747] cloud-init[1004]: ci-info: |   0   |   0.0.0.0   | 10.0.2.2 |    0.0.0.0    |   enp0s3  |   UG  |
[    9.141707] [cloud-init[0;32m  OK  [0m[1004]: ] ci-info: |   1   |   10.0.2.0  | 0.0.0.0  | 255.255.255.0 |   enp0s3  |   U   |Started Initial cloud-init job (metadata service crawler).

[    9.141897] cloud-init[1004]: ci-info: +-------+-------------+----------+---------------+-----------+-------+
[    9.155582] [cloud-init[0;32m  OK  [0m[1004]: ] ci-info: +++++++++++++++++++Route IPv6 info+++++++++++++++++++Reached target Cloud-config availability.

[[    9.155844] [0;32m  OK  [0mcloud-init] [1004]: Reached target Network is Online.ci-info: +-------+-------------+---------+-----------+-------+

[    9.176860] cloud-init[1004]: ci-info: | Route | Destination | Gateway | Interface | Flags |
[    9.185014]          cloud-initStarting iSCSI initiator daemon (iscsid)...[1004]: 
ci-info: +-------+-------------+---------+-----------+-------+
[    9.188968] cloud-init[1004]: ci-info: |   0   |  fe80::/64  |    ::   |   enp0s3  |   U   |
[    9.192187] [cloud-init[0;32m  OK  [0m[1004]: ] ci-info: |   3   |   ff00::/8  |    ::   |   enp0s3  |   U   |Reached target System Initialization.

[[    9.192399] [0;32m  OK  [0mcloud-init] [1004]: Started Daily Cleanup of Temporary Directories.ci-info: +-------+-------------+---------+-----------+-------+

         Starting gunicorn socket.
[[0;32m  OK  [0m] Listening on D-Bus System Message Bus Socket.
[[0;32m  OK  [0m] Started ACPI Events Check.
[[0;32m  OK  [0m] Reached target Paths.
[[0;32m  OK  [0m] Listening on UUID daemon activation socket.
         Starting LXD - unix socket.
         Starting Socket activation for snappy daemon.
[[0;32m  OK  [0m] Started Daily apt download activities.
[[0;32m  OK  [0m] Started Daily apt upgrade and clean activities.
[[0;32m  OK  [0m] Reached target Timers.
[[0;32m  OK  [0m] Listening on ACPID Listen Socket.
[[0;32m  OK  [0m] Listening on gunicorn socket.
[[0;32m  OK  [0m] Listening on LXD - unix socket.
[[0;32m  OK  [0m] Listening on Socket activation for snappy daemon.
[[0;32m  OK  [0m] Started iSCSI initiator daemon (iscsid).
         Starting Login to default iSCSI targets...
[[0;32m  OK  [0m] Reached target Sockets.
[[0;32m  OK  [0m] Reached target Basic System.
         Starting LSB: MD monitoring daemon...
[[0;32m  OK  [0m] Started Boussole - auto-compile SCSS files on change.
[[0;32m  OK  [0m] Started Webassets - auto-compile JS files on change.
[[0;32m  OK  [0m] Started Prometheus Redis Exporter.
         Starting PostgreSQL Cluster 10-main...
         Starting LXD - container startup/shutdown...
[[0;32m  OK  [0m] Started Prometheus RabbitMQ Exporter.
[[0;32m  OK  [0m] Started D-Bus System Message Bus.
         Starting OpenBSD Secure Shell server...
         Starting Login Service...
         Starting /etc/rc.local Compatibility...
         Starting Virtualbox guest utils...
[[0;32m  OK  [0m] Started Deferred execution scheduler.
[[0;32m  OK  [0m] Started Prometheus Postgres Exporter.
         Starting The Salt Minion...
[[0;32m  OK  [0m] Started ACPI event daemon.
         Starting Disable transparent hugepage for redis...
         Starting Accounts Service...
[[0;32m  OK  [0m] Started FUSE filesystem for LXC.
         Starting Snappy daemon...
         Starting LSB: Record successful boot for GRUB...
[[0;32m  OK  [0m] Started redis breached passwords daemon.
[[0;32m  OK  [0m] Started Prometheus Server.
         Starting RabbitMQ broker...
[[0;32m  OK  [0m] Started Prometheus Node Exporter.
[[0;32m  OK  [0m] Started Regular background program processing daemon.
         Starting System Logging Service...
[[0;32m  OK  [0m] Started /etc/rc.local Compatibility.
[[0;32m  OK  [0m] Started OpenBSD Secure Shell server.
[[0;32m  OK  [0m] Started Disable transparent hugepage for redis.
[[0;32m  OK  [0m] Started System Logging Service.
[[0;32m  OK  [0m] Started LXD - container startup/shutdown.
[[0;32m  OK  [0m] Started Login to default iSCSI targets.
[[0;32m  OK  [0m] Started LSB: MD monitoring daemon.
[[0;32m  OK  [0m] Started Login Service.
[[0;32m  OK  [0m] Started Unattended Upgrades Shutdown.
         Starting Authenticate and Authorize Users to Run Privileged Tasks...
[[0;32m  OK  [0m] Reached target Remote File Systems (Pre).
[[0;32m  OK  [0m] Reached target Remote File Systems.
         Starting LSB: Start/stop sysstat's sadc...
         Starting LSB: Set the CPU Frequency Scaling governor to "ondemand"...
         Starting LSB: daemon to balance interrupts for SMP systems...
         Starting LSB: automatic crash report generation...
         Starting nginx - high performance web server...
         Starting Permit User Sessions...
[[0;32m  OK  [0m] Started redis daemon.
[[0;32m  OK  [0m] Started Snappy daemon.
[[0;32m  OK  [0m] Started Virtualbox guest utils.
[[0;32m  OK  [0m] Started LSB: Record successful boot for GRUB.
[[0;32m  OK  [0m] Started Permit User Sessions.
[[0;32m  OK  [0m] Started Authenticate and Authorize Users to Run Privileged Tasks.
[[0;32m  OK  [0m] Started nginx - high performance web server.
[[0;32m  OK  [0m] Started Accounts Service.
[[0;32m  OK  [0m] Started LSB: Start/stop sysstat's sadc.
[[0;32m  OK  [0m] Started LSB: Set the CPU Frequency Scaling governor to "ondemand".
[[0;32m  OK  [0m] Started LSB: daemon to balance interrupts for SMP systems.
         Starting Hold until boot process finishes up...
         Starting Terminate Plymouth Boot Screen...
         Starting Wait until snapd is fully seeded...
[[0;32m  OK  [0m] Started LSB: automatic crash report generation.
[[0;32m  OK  [0m] Started Hold until boot process finishes up.
[[0;32m  OK  [0m] Started Terminate Plymouth Boot Screen.
[[0;32m  OK  [0m] Started Serial Getty on ttyS0.
[[0;32m  OK  [0m] Started Getty on tty1.
[[0;32m  OK  [0m] Reached target Login Prompts.
         Starting Set console scheme...
[[0;32m  OK  [0m] Started Wait until snapd is fully seeded.
[[0;32m  OK  [0m] Started Set console scheme.
         Starting Apply the settings specified in cloud-config...
[[0;32m  OK  [0m] Started The Salt Minion.
[   12.306895] cloud-init[1484]: Cloud-init v. 19.1-1-gbaa47854-0ubuntu1~16.04.1 running 'modules:config' at Thu, 15 Aug 2019 08:58:06 +0000. Up 11.99 seconds.
[[0;32m  OK  [0m] Started Apply the settings specified in cloud-config.
[[0;32m  OK  [0m] Created slice User Slice of vagrant.
         Starting User Manager for UID 1000...
[[0;32m  OK  [0m] Started Session 1 of user vagrant.
[[0;32m  OK  [0m] Started User Manager for UID 1000.
[[0;32m  OK  [0m] Started PostgreSQL Cluster 10-main.
         Starting PostgreSQL RDBMS...
[[0;32m  OK  [0m] Started PostgreSQL RDBMS.
         Starting LSB: start pgbouncer...
[[0;32m  OK  [0m] Started LSB: start pgbouncer.

Ubuntu 16.04.6 LTS ubuntu-xenial ttyS0

ubuntu-xenial login: [   20.194667] cloud-init[2107]: Cloud-init v. 19.1-1-gbaa47854-0ubuntu1~16.04.1 running 'modules:final' at Thu, 15 Aug 2019 08:58:14 +0000. Up 20.01 seconds.
[   20.194977] cloud-init[2107]: Cloud-init v. 19.1-1-gbaa47854-0ubuntu1~16.04.1 finished at Thu, 15 Aug 2019 08:58:14 +0000. Datasource DataSourceNoCloud [seed=/dev/sdb][dsmode=net].  Up 20.18 seconds
